Started GET "/" for 127.0.0.1 at 2017-11-02 11:36:39 +0800
Processing by Rails::WelcomeController#index as HTML
  Parameters: {"internal"=>true}
  Rendering /home/zaid/.rbenv/versions/2.4.0/lib/ruby/gems/2.4.0/gems/railties-5.0.6/lib/rails/templates/rails/welcome/index.html.erb
  Rendered /home/zaid/.rbenv/versions/2.4.0/lib/ruby/gems/2.4.0/gems/railties-5.0.6/lib/rails/templates/rails/welcome/index.html.erb (19.9ms)
Completed 200 OK in 144ms (Views: 78.4ms)


Started GET "/" for 127.0.0.1 at 2017-11-02 11:44:36 +0800
Processing by HomeController#index as HTML
  Rendering home/index.html.erb within layouts/application
  Rendered home/index.html.erb within layouts/application (8.7ms)
Completed 200 OK in 3036ms (Views: 3007.2ms)


Started GET "/" for 127.0.0.1 at 2017-11-02 11:49:18 +0800
Processing by HomeController#index as HTML
Completed 500 Internal Server Error in 5ms


  
NoMethodError (undefined method `types' for Jajahan:Module):
  
app/controllers/home_controller.rb:3:in `index'
  Rendering /home/zaid/.rbenv/versions/2.4.0/lib/ruby/gems/2.4.0/gems/actionpack-5.0.6/lib/action_dispatch/middleware/templates/rescues/diagnostics.html.erb within rescues/layout
  Rendering /home/zaid/.rbenv/versions/2.4.0/lib/ruby/gems/2.4.0/gems/actionpack-5.0.6/lib/action_dispatch/middleware/templates/rescues/_source.html.erb
  Rendered /home/zaid/.rbenv/versions/2.4.0/lib/ruby/gems/2.4.0/gems/actionpack-5.0.6/lib/action_dispatch/middleware/templates/rescues/_source.html.erb (4.3ms)
  Rendering /home/zaid/.rbenv/versions/2.4.0/lib/ruby/gems/2.4.0/gems/actionpack-5.0.6/lib/action_dispatch/middleware/templates/rescues/_trace.html.erb
  Rendered /home/zaid/.rbenv/versions/2.4.0/lib/ruby/gems/2.4.0/gems/actionpack-5.0.6/lib/action_dispatch/middleware/templates/rescues/_trace.html.erb (2.7ms)
  Rendering /home/zaid/.rbenv/versions/2.4.0/lib/ruby/gems/2.4.0/gems/actionpack-5.0.6/lib/action_dispatch/middleware/templates/rescues/_request_and_response.html.erb
  Rendered /home/zaid/.rbenv/versions/2.4.0/lib/ruby/gems/2.4.0/gems/actionpack-5.0.6/lib/action_dispatch/middleware/templates/rescues/_request_and_response.html.erb (1.2ms)
  Rendered /home/zaid/.rbenv/versions/2.4.0/lib/ruby/gems/2.4.0/gems/actionpack-5.0.6/lib/action_dispatch/middleware/templates/rescues/diagnostics.html.erb within rescues/layout (326.5ms)
Started GET "/" for 127.0.0.1 at 2017-11-02 11:49:51 +0800
Processing by HomeController#index as HTML
Completed 500 Internal Server Error in 5ms


  
NoMethodError (undefined method `types' for Jajahan:Module):
  
app/controllers/home_controller.rb:3:in `index'
  Rendering /home/zaid/.rbenv/versions/2.4.0/lib/ruby/gems/2.4.0/gems/actionpack-5.0.6/lib/action_dispatch/middleware/templates/rescues/diagnostics.html.erb within rescues/layout
  Rendering /home/zaid/.rbenv/versions/2.4.0/lib/ruby/gems/2.4.0/gems/actionpack-5.0.6/lib/action_dispatch/middleware/templates/rescues/_source.html.erb
  Rendered /home/zaid/.rbenv/versions/2.4.0/lib/ruby/gems/2.4.0/gems/actionpack-5.0.6/lib/action_dispatch/middleware/templates/rescues/_source.html.erb (5.0ms)
  Rendering /home/zaid/.rbenv/versions/2.4.0/lib/ruby/gems/2.4.0/gems/actionpack-5.0.6/lib/action_dispatch/middleware/templates/rescues/_trace.html.erb
  Rendered /home/zaid/.rbenv/versions/2.4.0/lib/ruby/gems/2.4.0/gems/actionpack-5.0.6/lib/action_dispatch/middleware/templates/rescues/_trace.html.erb (2.4ms)
  Rendering /home/zaid/.rbenv/versions/2.4.0/lib/ruby/gems/2.4.0/gems/actionpack-5.0.6/lib/action_dispatch/middleware/templates/rescues/_request_and_response.html.erb
  Rendered /home/zaid/.rbenv/versions/2.4.0/lib/ruby/gems/2.4.0/gems/actionpack-5.0.6/lib/action_dispatch/middleware/templates/rescues/_request_and_response.html.erb (1.0ms)
  Rendered /home/zaid/.rbenv/versions/2.4.0/lib/ruby/gems/2.4.0/gems/actionpack-5.0.6/lib/action_dispatch/middleware/templates/rescues/diagnostics.html.erb within rescues/layout (232.3ms)
Started GET "/" for 127.0.0.1 at 2017-11-02 11:50:10 +0800
Processing by HomeController#index as HTML
Completed 500 Internal Server Error in 31ms


  
NoMethodError (undefined method `types' for Jajahan:Module):
  
app/controllers/home_controller.rb:3:in `index'
  Rendering /home/zaid/.rbenv/versions/2.4.0/lib/ruby/gems/2.4.0/gems/actionpack-5.0.6/lib/action_dispatch/middleware/templates/rescues/diagnostics.html.erb within rescues/layout
  Rendering /home/zaid/.rbenv/versions/2.4.0/lib/ruby/gems/2.4.0/gems/actionpack-5.0.6/lib/action_dispatch/middleware/templates/rescues/_source.html.erb
  Rendered /home/zaid/.rbenv/versions/2.4.0/lib/ruby/gems/2.4.0/gems/actionpack-5.0.6/lib/action_dispatch/middleware/templates/rescues/_source.html.erb (4.0ms)
  Rendering /home/zaid/.rbenv/versions/2.4.0/lib/ruby/gems/2.4.0/gems/actionpack-5.0.6/lib/action_dispatch/middleware/templates/rescues/_trace.html.erb
  Rendered /home/zaid/.rbenv/versions/2.4.0/lib/ruby/gems/2.4.0/gems/actionpack-5.0.6/lib/action_dispatch/middleware/templates/rescues/_trace.html.erb (2.4ms)
  Rendering /home/zaid/.rbenv/versions/2.4.0/lib/ruby/gems/2.4.0/gems/actionpack-5.0.6/lib/action_dispatch/middleware/templates/rescues/_request_and_response.html.erb
  Rendered /home/zaid/.rbenv/versions/2.4.0/lib/ruby/gems/2.4.0/gems/actionpack-5.0.6/lib/action_dispatch/middleware/templates/rescues/_request_and_response.html.erb (1.0ms)
  Rendered /home/zaid/.rbenv/versions/2.4.0/lib/ruby/gems/2.4.0/gems/actionpack-5.0.6/lib/action_dispatch/middleware/templates/rescues/diagnostics.html.erb within rescues/layout (247.8ms)
Started GET "/" for 127.0.0.1 at 2017-11-02 11:50:30 +0800
Processing by HomeController#index as HTML
Completed 500 Internal Server Error in 4ms


  
NoMethodError (undefined method `types' for Jajahan:Module):
  
app/controllers/home_controller.rb:3:in `index'
  Rendering /home/zaid/.rbenv/versions/2.4.0/lib/ruby/gems/2.4.0/gems/actionpack-5.0.6/lib/action_dispatch/middleware/templates/rescues/diagnostics.html.erb within rescues/layout
  Rendering /home/zaid/.rbenv/versions/2.4.0/lib/ruby/gems/2.4.0/gems/actionpack-5.0.6/lib/action_dispatch/middleware/templates/rescues/_source.html.erb
  Rendered /home/zaid/.rbenv/versions/2.4.0/lib/ruby/gems/2.4.0/gems/actionpack-5.0.6/lib/action_dispatch/middleware/templates/rescues/_source.html.erb (4.5ms)
  Rendering /home/zaid/.rbenv/versions/2.4.0/lib/ruby/gems/2.4.0/gems/actionpack-5.0.6/lib/action_dispatch/middleware/templates/rescues/_trace.html.erb
  Rendered /home/zaid/.rbenv/versions/2.4.0/lib/ruby/gems/2.4.0/gems/actionpack-5.0.6/lib/action_dispatch/middleware/templates/rescues/_trace.html.erb (2.0ms)
  Rendering /home/zaid/.rbenv/versions/2.4.0/lib/ruby/gems/2.4.0/gems/actionpack-5.0.6/lib/action_dispatch/middleware/templates/rescues/_request_and_response.html.erb
  Rendered /home/zaid/.rbenv/versions/2.4.0/lib/ruby/gems/2.4.0/gems/actionpack-5.0.6/lib/action_dispatch/middleware/templates/rescues/_request_and_response.html.erb (0.8ms)
  Rendered /home/zaid/.rbenv/versions/2.4.0/lib/ruby/gems/2.4.0/gems/actionpack-5.0.6/lib/action_dispatch/middleware/templates/rescues/diagnostics.html.erb within rescues/layout (218.8ms)
Started GET "/" for 127.0.0.1 at 2017-11-02 11:50:41 +0800
Processing by HomeController#index as HTML
Completed 200 OK in 1ms (Views: 0.3ms)


Started GET "/" for 127.0.0.1 at 2017-11-02 11:50:59 +0800
Processing by HomeController#index as HTML
Completed 500 Internal Server Error in 5ms


  
NoMethodError (undefined method `types' for Jajahan:Module):
  
app/controllers/home_controller.rb:3:in `index'
  Rendering /home/zaid/.rbenv/versions/2.4.0/lib/ruby/gems/2.4.0/gems/actionpack-5.0.6/lib/action_dispatch/middleware/templates/rescues/diagnostics.html.erb within rescues/layout
  Rendering /home/zaid/.rbenv/versions/2.4.0/lib/ruby/gems/2.4.0/gems/actionpack-5.0.6/lib/action_dispatch/middleware/templates/rescues/_source.html.erb
  Rendered /home/zaid/.rbenv/versions/2.4.0/lib/ruby/gems/2.4.0/gems/actionpack-5.0.6/lib/action_dispatch/middleware/templates/rescues/_source.html.erb (5.9ms)
  Rendering /home/zaid/.rbenv/versions/2.4.0/lib/ruby/gems/2.4.0/gems/actionpack-5.0.6/lib/action_dispatch/middleware/templates/rescues/_trace.html.erb
  Rendered /home/zaid/.rbenv/versions/2.4.0/lib/ruby/gems/2.4.0/gems/actionpack-5.0.6/lib/action_dispatch/middleware/templates/rescues/_trace.html.erb (1.9ms)
  Rendering /home/zaid/.rbenv/versions/2.4.0/lib/ruby/gems/2.4.0/gems/actionpack-5.0.6/lib/action_dispatch/middleware/templates/rescues/_request_and_response.html.erb
  Rendered /home/zaid/.rbenv/versions/2.4.0/lib/ruby/gems/2.4.0/gems/actionpack-5.0.6/lib/action_dispatch/middleware/templates/rescues/_request_and_response.html.erb (0.8ms)
  Rendered /home/zaid/.rbenv/versions/2.4.0/lib/ruby/gems/2.4.0/gems/actionpack-5.0.6/lib/action_dispatch/middleware/templates/rescues/diagnostics.html.erb within rescues/layout (227.2ms)
Started GET "/" for 127.0.0.1 at 2017-11-02 11:51:06 +0800
Processing by HomeController#index as HTML
Completed 500 Internal Server Error in 3ms


  
NoMethodError (undefined method `types' for Jajahan:Module):
  
app/controllers/home_controller.rb:3:in `index'
  Rendering /home/zaid/.rbenv/versions/2.4.0/lib/ruby/gems/2.4.0/gems/actionpack-5.0.6/lib/action_dispatch/middleware/templates/rescues/diagnostics.html.erb within rescues/layout
  Rendering /home/zaid/.rbenv/versions/2.4.0/lib/ruby/gems/2.4.0/gems/actionpack-5.0.6/lib/action_dispatch/middleware/templates/rescues/_source.html.erb
  Rendered /home/zaid/.rbenv/versions/2.4.0/lib/ruby/gems/2.4.0/gems/actionpack-5.0.6/lib/action_dispatch/middleware/templates/rescues/_source.html.erb (4.3ms)
  Rendering /home/zaid/.rbenv/versions/2.4.0/lib/ruby/gems/2.4.0/gems/actionpack-5.0.6/lib/action_dispatch/middleware/templates/rescues/_trace.html.erb
  Rendered /home/zaid/.rbenv/versions/2.4.0/lib/ruby/gems/2.4.0/gems/actionpack-5.0.6/lib/action_dispatch/middleware/templates/rescues/_trace.html.erb (1.9ms)
  Rendering /home/zaid/.rbenv/versions/2.4.0/lib/ruby/gems/2.4.0/gems/actionpack-5.0.6/lib/action_dispatch/middleware/templates/rescues/_request_and_response.html.erb
  Rendered /home/zaid/.rbenv/versions/2.4.0/lib/ruby/gems/2.4.0/gems/actionpack-5.0.6/lib/action_dispatch/middleware/templates/rescues/_request_and_response.html.erb (1.7ms)
  Rendered /home/zaid/.rbenv/versions/2.4.0/lib/ruby/gems/2.4.0/gems/actionpack-5.0.6/lib/action_dispatch/middleware/templates/rescues/diagnostics.html.erb within rescues/layout (219.4ms)
Started GET "/" for 127.0.0.1 at 2017-11-02 11:51:37 +0800
Processing by HomeController#index as HTML
Completed 500 Internal Server Error in 3ms


  
NoMethodError (undefined method `types' for Jajahan:Module):
  
app/controllers/home_controller.rb:3:in `index'
  Rendering /home/zaid/.rbenv/versions/2.4.0/lib/ruby/gems/2.4.0/gems/actionpack-5.0.6/lib/action_dispatch/middleware/templates/rescues/diagnostics.html.erb within rescues/layout
  Rendering /home/zaid/.rbenv/versions/2.4.0/lib/ruby/gems/2.4.0/gems/actionpack-5.0.6/lib/action_dispatch/middleware/templates/rescues/_source.html.erb
  Rendered /home/zaid/.rbenv/versions/2.4.0/lib/ruby/gems/2.4.0/gems/actionpack-5.0.6/lib/action_dispatch/middleware/templates/rescues/_source.html.erb (4.5ms)
  Rendering /home/zaid/.rbenv/versions/2.4.0/lib/ruby/gems/2.4.0/gems/actionpack-5.0.6/lib/action_dispatch/middleware/templates/rescues/_trace.html.erb
  Rendered /home/zaid/.rbenv/versions/2.4.0/lib/ruby/gems/2.4.0/gems/actionpack-5.0.6/lib/action_dispatch/middleware/templates/rescues/_trace.html.erb (1.9ms)
  Rendering /home/zaid/.rbenv/versions/2.4.0/lib/ruby/gems/2.4.0/gems/actionpack-5.0.6/lib/action_dispatch/middleware/templates/rescues/_request_and_response.html.erb
  Rendered /home/zaid/.rbenv/versions/2.4.0/lib/ruby/gems/2.4.0/gems/actionpack-5.0.6/lib/action_dispatch/middleware/templates/rescues/_request_and_response.html.erb (0.9ms)
  Rendered /home/zaid/.rbenv/versions/2.4.0/lib/ruby/gems/2.4.0/gems/actionpack-5.0.6/lib/action_dispatch/middleware/templates/rescues/diagnostics.html.erb within rescues/layout (218.3ms)
Started GET "/" for 127.0.0.1 at 2017-11-02 11:53:04 +0800
Processing by HomeController#index as HTML
Completed 500 Internal Server Error in 14ms


  
NoMethodError (undefined method `types' for Jajahan:Module):
  
app/controllers/home_controller.rb:3:in `index'
  Rendering /home/zaid/.rbenv/versions/2.4.0/lib/ruby/gems/2.4.0/gems/actionpack-5.0.6/lib/action_dispatch/middleware/templates/rescues/diagnostics.html.erb within rescues/layout
  Rendering /home/zaid/.rbenv/versions/2.4.0/lib/ruby/gems/2.4.0/gems/actionpack-5.0.6/lib/action_dispatch/middleware/templates/rescues/_source.html.erb
  Rendered /home/zaid/.rbenv/versions/2.4.0/lib/ruby/gems/2.4.0/gems/actionpack-5.0.6/lib/action_dispatch/middleware/templates/rescues/_source.html.erb (4.4ms)
  Rendering /home/zaid/.rbenv/versions/2.4.0/lib/ruby/gems/2.4.0/gems/actionpack-5.0.6/lib/action_dispatch/middleware/templates/rescues/_trace.html.erb
  Rendered /home/zaid/.rbenv/versions/2.4.0/lib/ruby/gems/2.4.0/gems/actionpack-5.0.6/lib/action_dispatch/middleware/templates/rescues/_trace.html.erb (2.1ms)
  Rendering /home/zaid/.rbenv/versions/2.4.0/lib/ruby/gems/2.4.0/gems/actionpack-5.0.6/lib/action_dispatch/middleware/templates/rescues/_request_and_response.html.erb
  Rendered /home/zaid/.rbenv/versions/2.4.0/lib/ruby/gems/2.4.0/gems/actionpack-5.0.6/lib/action_dispatch/middleware/templates/rescues/_request_and_response.html.erb (0.9ms)
  Rendered /home/zaid/.rbenv/versions/2.4.0/lib/ruby/gems/2.4.0/gems/actionpack-5.0.6/lib/action_dispatch/middleware/templates/rescues/diagnostics.html.erb within rescues/layout (215.9ms)
Started GET "/" for 127.0.0.1 at 2017-11-02 11:53:18 +0800
Processing by HomeController#index as HTML
Completed 500 Internal Server Error in 4ms


  
NoMethodError (undefined method `types' for Jajahan:Module):
  
app/controllers/home_controller.rb:3:in `index'
  Rendering /home/zaid/.rbenv/versions/2.4.0/lib/ruby/gems/2.4.0/gems/actionpack-5.0.6/lib/action_dispatch/middleware/templates/rescues/diagnostics.html.erb within rescues/layout
  Rendering /home/zaid/.rbenv/versions/2.4.0/lib/ruby/gems/2.4.0/gems/actionpack-5.0.6/lib/action_dispatch/middleware/templates/rescues/_source.html.erb
  Rendered /home/zaid/.rbenv/versions/2.4.0/lib/ruby/gems/2.4.0/gems/actionpack-5.0.6/lib/action_dispatch/middleware/templates/rescues/_source.html.erb (4.0ms)
  Rendering /home/zaid/.rbenv/versions/2.4.0/lib/ruby/gems/2.4.0/gems/actionpack-5.0.6/lib/action_dispatch/middleware/templates/rescues/_trace.html.erb
  Rendered /home/zaid/.rbenv/versions/2.4.0/lib/ruby/gems/2.4.0/gems/actionpack-5.0.6/lib/action_dispatch/middleware/templates/rescues/_trace.html.erb (1.8ms)
  Rendering /home/zaid/.rbenv/versions/2.4.0/lib/ruby/gems/2.4.0/gems/actionpack-5.0.6/lib/action_dispatch/middleware/templates/rescues/_request_and_response.html.erb
  Rendered /home/zaid/.rbenv/versions/2.4.0/lib/ruby/gems/2.4.0/gems/actionpack-5.0.6/lib/action_dispatch/middleware/templates/rescues/_request_and_response.html.erb (1.2ms)
  Rendered /home/zaid/.rbenv/versions/2.4.0/lib/ruby/gems/2.4.0/gems/actionpack-5.0.6/lib/action_dispatch/middleware/templates/rescues/diagnostics.html.erb within rescues/layout (221.4ms)
Started GET "/" for 127.0.0.1 at 2017-11-02 11:53:46 +0800
Processing by HomeController#index as HTML
Completed 500 Internal Server Error in 5ms


  
NoMethodError (undefined method `types' for Jajahan:Module):
  
app/controllers/home_controller.rb:3:in `index'
  Rendering /home/zaid/.rbenv/versions/2.4.0/lib/ruby/gems/2.4.0/gems/actionpack-5.0.6/lib/action_dispatch/middleware/templates/rescues/diagnostics.html.erb within rescues/layout
  Rendering /home/zaid/.rbenv/versions/2.4.0/lib/ruby/gems/2.4.0/gems/actionpack-5.0.6/lib/action_dispatch/middleware/templates/rescues/_source.html.erb
  Rendered /home/zaid/.rbenv/versions/2.4.0/lib/ruby/gems/2.4.0/gems/actionpack-5.0.6/lib/action_dispatch/middleware/templates/rescues/_source.html.erb (6.2ms)
  Rendering /home/zaid/.rbenv/versions/2.4.0/lib/ruby/gems/2.4.0/gems/actionpack-5.0.6/lib/action_dispatch/middleware/templates/rescues/_trace.html.erb
  Rendered /home/zaid/.rbenv/versions/2.4.0/lib/ruby/gems/2.4.0/gems/actionpack-5.0.6/lib/action_dispatch/middleware/templates/rescues/_trace.html.erb (1.9ms)
  Rendering /home/zaid/.rbenv/versions/2.4.0/lib/ruby/gems/2.4.0/gems/actionpack-5.0.6/lib/action_dispatch/middleware/templates/rescues/_request_and_response.html.erb
  Rendered /home/zaid/.rbenv/versions/2.4.0/lib/ruby/gems/2.4.0/gems/actionpack-5.0.6/lib/action_dispatch/middleware/templates/rescues/_request_and_response.html.erb (0.9ms)
  Rendered /home/zaid/.rbenv/versions/2.4.0/lib/ruby/gems/2.4.0/gems/actionpack-5.0.6/lib/action_dispatch/middleware/templates/rescues/diagnostics.html.erb within rescues/layout (223.1ms)
Started GET "/" for 127.0.0.1 at 2017-11-02 11:54:05 +0800
Processing by HomeController#index as HTML
Completed 500 Internal Server Error in 4ms


  
NoMethodError (undefined method `options' for Jajahan:Module):
  
app/controllers/home_controller.rb:3:in `index'
  Rendering /home/zaid/.rbenv/versions/2.4.0/lib/ruby/gems/2.4.0/gems/actionpack-5.0.6/lib/action_dispatch/middleware/templates/rescues/diagnostics.html.erb within rescues/layout
  Rendering /home/zaid/.rbenv/versions/2.4.0/lib/ruby/gems/2.4.0/gems/actionpack-5.0.6/lib/action_dispatch/middleware/templates/rescues/_source.html.erb
  Rendered /home/zaid/.rbenv/versions/2.4.0/lib/ruby/gems/2.4.0/gems/actionpack-5.0.6/lib/action_dispatch/middleware/templates/rescues/_source.html.erb (4.5ms)
  Rendering /home/zaid/.rbenv/versions/2.4.0/lib/ruby/gems/2.4.0/gems/actionpack-5.0.6/lib/action_dispatch/middleware/templates/rescues/_trace.html.erb
  Rendered /home/zaid/.rbenv/versions/2.4.0/lib/ruby/gems/2.4.0/gems/actionpack-5.0.6/lib/action_dispatch/middleware/templates/rescues/_trace.html.erb (2.1ms)
  Rendering /home/zaid/.rbenv/versions/2.4.0/lib/ruby/gems/2.4.0/gems/actionpack-5.0.6/lib/action_dispatch/middleware/templates/rescues/_request_and_response.html.erb
  Rendered /home/zaid/.rbenv/versions/2.4.0/lib/ruby/gems/2.4.0/gems/actionpack-5.0.6/lib/action_dispatch/middleware/templates/rescues/_request_and_response.html.erb (1.0ms)
  Rendered /home/zaid/.rbenv/versions/2.4.0/lib/ruby/gems/2.4.0/gems/actionpack-5.0.6/lib/action_dispatch/middleware/templates/rescues/diagnostics.html.erb within rescues/layout (224.5ms)
Started GET "/" for 127.0.0.1 at 2017-11-02 11:54:33 +0800
Processing by HomeController#index as HTML
Completed 500 Internal Server Error in 3ms


  
NoMethodError (undefined method `nothing' for Jajahan:Module):
  
app/controllers/home_controller.rb:3:in `index'
  Rendering /home/zaid/.rbenv/versions/2.4.0/lib/ruby/gems/2.4.0/gems/actionpack-5.0.6/lib/action_dispatch/middleware/templates/rescues/diagnostics.html.erb within rescues/layout
  Rendering /home/zaid/.rbenv/versions/2.4.0/lib/ruby/gems/2.4.0/gems/actionpack-5.0.6/lib/action_dispatch/middleware/templates/rescues/_source.html.erb
  Rendered /home/zaid/.rbenv/versions/2.4.0/lib/ruby/gems/2.4.0/gems/actionpack-5.0.6/lib/action_dispatch/middleware/templates/rescues/_source.html.erb (4.5ms)
  Rendering /home/zaid/.rbenv/versions/2.4.0/lib/ruby/gems/2.4.0/gems/actionpack-5.0.6/lib/action_dispatch/middleware/templates/rescues/_trace.html.erb
  Rendered /home/zaid/.rbenv/versions/2.4.0/lib/ruby/gems/2.4.0/gems/actionpack-5.0.6/lib/action_dispatch/middleware/templates/rescues/_trace.html.erb (1.8ms)
  Rendering /home/zaid/.rbenv/versions/2.4.0/lib/ruby/gems/2.4.0/gems/actionpack-5.0.6/lib/action_dispatch/middleware/templates/rescues/_request_and_response.html.erb
  Rendered /home/zaid/.rbenv/versions/2.4.0/lib/ruby/gems/2.4.0/gems/actionpack-5.0.6/lib/action_dispatch/middleware/templates/rescues/_request_and_response.html.erb (1.3ms)
  Rendered /home/zaid/.rbenv/versions/2.4.0/lib/ruby/gems/2.4.0/gems/actionpack-5.0.6/lib/action_dispatch/middleware/templates/rescues/diagnostics.html.erb within rescues/layout (227.9ms)
Started GET "/" for 127.0.0.1 at 2017-11-02 11:54:42 +0800
Processing by HomeController#index as HTML
Completed 200 OK in 1ms (Views: 0.2ms)


Started GET "/" for 127.0.0.1 at 2017-11-02 11:55:19 +0800
Processing by HomeController#index as HTML
Completed 200 OK in 1ms (Views: 0.2ms)


Started GET "/" for 127.0.0.1 at 2017-11-02 12:04:10 +0800
Processing by HomeController#index as HTML
Completed 500 Internal Server Error in 32ms


  
NoMethodError (undefined method `options' for Jajahan:Module):
  
app/controllers/home_controller.rb:3:in `index'
  Rendering /home/zaid/.rbenv/versions/2.4.0/lib/ruby/gems/2.4.0/gems/actionpack-5.0.6/lib/action_dispatch/middleware/templates/rescues/diagnostics.html.erb within rescues/layout
  Rendering /home/zaid/.rbenv/versions/2.4.0/lib/ruby/gems/2.4.0/gems/actionpack-5.0.6/lib/action_dispatch/middleware/templates/rescues/_source.html.erb
  Rendered /home/zaid/.rbenv/versions/2.4.0/lib/ruby/gems/2.4.0/gems/actionpack-5.0.6/lib/action_dispatch/middleware/templates/rescues/_source.html.erb (7.3ms)
  Rendering /home/zaid/.rbenv/versions/2.4.0/lib/ruby/gems/2.4.0/gems/actionpack-5.0.6/lib/action_dispatch/middleware/templates/rescues/_trace.html.erb
  Rendered /home/zaid/.rbenv/versions/2.4.0/lib/ruby/gems/2.4.0/gems/actionpack-5.0.6/lib/action_dispatch/middleware/templates/rescues/_trace.html.erb (2.0ms)
  Rendering /home/zaid/.rbenv/versions/2.4.0/lib/ruby/gems/2.4.0/gems/actionpack-5.0.6/lib/action_dispatch/middleware/templates/rescues/_request_and_response.html.erb
  Rendered /home/zaid/.rbenv/versions/2.4.0/lib/ruby/gems/2.4.0/gems/actionpack-5.0.6/lib/action_dispatch/middleware/templates/rescues/_request_and_response.html.erb (1.0ms)
  Rendered /home/zaid/.rbenv/versions/2.4.0/lib/ruby/gems/2.4.0/gems/actionpack-5.0.6/lib/action_dispatch/middleware/templates/rescues/diagnostics.html.erb within rescues/layout (256.7ms)
Started GET "/" for 127.0.0.1 at 2017-11-02 12:04:33 +0800
Processing by HomeController#index as HTML
Completed 500 Internal Server Error in 4ms


  
NoMethodError (undefined method `options' for Jajahan:Module):
  
app/controllers/home_controller.rb:3:in `index'
  Rendering /home/zaid/.rbenv/versions/2.4.0/lib/ruby/gems/2.4.0/gems/actionpack-5.0.6/lib/action_dispatch/middleware/templates/rescues/diagnostics.html.erb within rescues/layout
  Rendering /home/zaid/.rbenv/versions/2.4.0/lib/ruby/gems/2.4.0/gems/actionpack-5.0.6/lib/action_dispatch/middleware/templates/rescues/_source.html.erb
  Rendered /home/zaid/.rbenv/versions/2.4.0/lib/ruby/gems/2.4.0/gems/actionpack-5.0.6/lib/action_dispatch/middleware/templates/rescues/_source.html.erb (5.2ms)
  Rendering /home/zaid/.rbenv/versions/2.4.0/lib/ruby/gems/2.4.0/gems/actionpack-5.0.6/lib/action_dispatch/middleware/templates/rescues/_trace.html.erb
  Rendered /home/zaid/.rbenv/versions/2.4.0/lib/ruby/gems/2.4.0/gems/actionpack-5.0.6/lib/action_dispatch/middleware/templates/rescues/_trace.html.erb (2.9ms)
  Rendering /home/zaid/.rbenv/versions/2.4.0/lib/ruby/gems/2.4.0/gems/actionpack-5.0.6/lib/action_dispatch/middleware/templates/rescues/_request_and_response.html.erb
  Rendered /home/zaid/.rbenv/versions/2.4.0/lib/ruby/gems/2.4.0/gems/actionpack-5.0.6/lib/action_dispatch/middleware/templates/rescues/_request_and_response.html.erb (1.0ms)
  Rendered /home/zaid/.rbenv/versions/2.4.0/lib/ruby/gems/2.4.0/gems/actionpack-5.0.6/lib/action_dispatch/middleware/templates/rescues/diagnostics.html.erb within rescues/layout (222.8ms)
Started GET "/" for 127.0.0.1 at 2017-11-02 12:04:41 +0800
Processing by HomeController#index as HTML
Completed 500 Internal Server Error in 4ms


  
NoMethodError (undefined method `new' for Jajahan:Module):
  
app/controllers/home_controller.rb:3:in `index'
  Rendering /home/zaid/.rbenv/versions/2.4.0/lib/ruby/gems/2.4.0/gems/actionpack-5.0.6/lib/action_dispatch/middleware/templates/rescues/diagnostics.html.erb within rescues/layout
  Rendering /home/zaid/.rbenv/versions/2.4.0/lib/ruby/gems/2.4.0/gems/actionpack-5.0.6/lib/action_dispatch/middleware/templates/rescues/_source.html.erb
  Rendered /home/zaid/.rbenv/versions/2.4.0/lib/ruby/gems/2.4.0/gems/actionpack-5.0.6/lib/action_dispatch/middleware/templates/rescues/_source.html.erb (6.1ms)
  Rendering /home/zaid/.rbenv/versions/2.4.0/lib/ruby/gems/2.4.0/gems/actionpack-5.0.6/lib/action_dispatch/middleware/templates/rescues/_trace.html.erb
  Rendered /home/zaid/.rbenv/versions/2.4.0/lib/ruby/gems/2.4.0/gems/actionpack-5.0.6/lib/action_dispatch/middleware/templates/rescues/_trace.html.erb (2.0ms)
  Rendering /home/zaid/.rbenv/versions/2.4.0/lib/ruby/gems/2.4.0/gems/actionpack-5.0.6/lib/action_dispatch/middleware/templates/rescues/_request_and_response.html.erb
  Rendered /home/zaid/.rbenv/versions/2.4.0/lib/ruby/gems/2.4.0/gems/actionpack-5.0.6/lib/action_dispatch/middleware/templates/rescues/_request_and_response.html.erb (1.0ms)
  Rendered /home/zaid/.rbenv/versions/2.4.0/lib/ruby/gems/2.4.0/gems/actionpack-5.0.6/lib/action_dispatch/middleware/templates/rescues/diagnostics.html.erb within rescues/layout (231.8ms)
Started GET "/" for 127.0.0.1 at 2017-11-02 12:05:03 +0800
Processing by HomeController#index as HTML
Completed 500 Internal Server Error in 5ms


  
NoMethodError (undefined method `options' for Jajahan:Module):
  
app/controllers/home_controller.rb:3:in `index'
  Rendering /home/zaid/.rbenv/versions/2.4.0/lib/ruby/gems/2.4.0/gems/actionpack-5.0.6/lib/action_dispatch/middleware/templates/rescues/diagnostics.html.erb within rescues/layout
  Rendering /home/zaid/.rbenv/versions/2.4.0/lib/ruby/gems/2.4.0/gems/actionpack-5.0.6/lib/action_dispatch/middleware/templates/rescues/_source.html.erb
  Rendered /home/zaid/.rbenv/versions/2.4.0/lib/ruby/gems/2.4.0/gems/actionpack-5.0.6/lib/action_dispatch/middleware/templates/rescues/_source.html.erb (5.5ms)
  Rendering /home/zaid/.rbenv/versions/2.4.0/lib/ruby/gems/2.4.0/gems/actionpack-5.0.6/lib/action_dispatch/middleware/templates/rescues/_trace.html.erb
  Rendered /home/zaid/.rbenv/versions/2.4.0/lib/ruby/gems/2.4.0/gems/actionpack-5.0.6/lib/action_dispatch/middleware/templates/rescues/_trace.html.erb (1.8ms)
  Rendering /home/zaid/.rbenv/versions/2.4.0/lib/ruby/gems/2.4.0/gems/actionpack-5.0.6/lib/action_dispatch/middleware/templates/rescues/_request_and_response.html.erb
  Rendered /home/zaid/.rbenv/versions/2.4.0/lib/ruby/gems/2.4.0/gems/actionpack-5.0.6/lib/action_dispatch/middleware/templates/rescues/_request_and_response.html.erb (1.0ms)
  Rendered /home/zaid/.rbenv/versions/2.4.0/lib/ruby/gems/2.4.0/gems/actionpack-5.0.6/lib/action_dispatch/middleware/templates/rescues/diagnostics.html.erb within rescues/layout (222.5ms)
Started GET "/" for 127.0.0.1 at 2017-11-02 12:05:09 +0800
Processing by HomeController#index as HTML
Completed 200 OK in 3ms (Views: 2.0ms)


Started GET "/" for 127.0.0.1 at 2017-11-02 12:05:44 +0800
Processing by HomeController#index as HTML
Completed 200 OK in 2ms (Views: 0.6ms)


Started GET "/" for 127.0.0.1 at 2017-11-02 12:06:00 +0800
Processing by HomeController#index as HTML
Completed 200 OK in 1ms (Views: 0.3ms)


Started GET "/" for 127.0.0.1 at 2017-11-02 12:06:08 +0800
Processing by HomeController#index as HTML
Completed 200 OK in 1ms (Views: 0.3ms)


Started GET "/" for 127.0.0.1 at 2017-11-02 12:06:22 +0800
Processing by HomeController#index as HTML
Completed 200 OK in 1ms (Views: 0.2ms)


Started GET "/" for 127.0.0.1 at 2017-11-02 12:07:27 +0800
Processing by HomeController#index as HTML
Completed 500 Internal Server Error in 149ms


  
NameError (undefined local variable or method `sadqwdqwd' for #<HomeController:0x007fffcd353660>):
  
app/controllers/home_controller.rb:3:in `index'
  Rendering /home/zaid/.rbenv/versions/2.4.0/lib/ruby/gems/2.4.0/gems/actionpack-5.0.6/lib/action_dispatch/middleware/templates/rescues/diagnostics.html.erb within rescues/layout
  Rendering /home/zaid/.rbenv/versions/2.4.0/lib/ruby/gems/2.4.0/gems/actionpack-5.0.6/lib/action_dispatch/middleware/templates/rescues/_source.html.erb
  Rendered /home/zaid/.rbenv/versions/2.4.0/lib/ruby/gems/2.4.0/gems/actionpack-5.0.6/lib/action_dispatch/middleware/templates/rescues/_source.html.erb (6.5ms)
  Rendering /home/zaid/.rbenv/versions/2.4.0/lib/ruby/gems/2.4.0/gems/actionpack-5.0.6/lib/action_dispatch/middleware/templates/rescues/_trace.html.erb
  Rendered /home/zaid/.rbenv/versions/2.4.0/lib/ruby/gems/2.4.0/gems/actionpack-5.0.6/lib/action_dispatch/middleware/templates/rescues/_trace.html.erb (3.3ms)
  Rendering /home/zaid/.rbenv/versions/2.4.0/lib/ruby/gems/2.4.0/gems/actionpack-5.0.6/lib/action_dispatch/middleware/templates/rescues/_request_and_response.html.erb
  Rendered /home/zaid/.rbenv/versions/2.4.0/lib/ruby/gems/2.4.0/gems/actionpack-5.0.6/lib/action_dispatch/middleware/templates/rescues/_request_and_response.html.erb (1.8ms)
  Rendered /home/zaid/.rbenv/versions/2.4.0/lib/ruby/gems/2.4.0/gems/actionpack-5.0.6/lib/action_dispatch/middleware/templates/rescues/diagnostics.html.erb within rescues/layout (289.5ms)
Started GET "/" for 127.0.0.1 at 2017-11-02 12:07:37 +0800
Processing by HomeController#index as HTML
Completed 500 Internal Server Error in 3ms


  
NameError (uninitialized constant HomeController::Sadqwdqwd):
  
app/controllers/home_controller.rb:3:in `index'
  Rendering /home/zaid/.rbenv/versions/2.4.0/lib/ruby/gems/2.4.0/gems/actionpack-5.0.6/lib/action_dispatch/middleware/templates/rescues/diagnostics.html.erb within rescues/layout
  Rendering /home/zaid/.rbenv/versions/2.4.0/lib/ruby/gems/2.4.0/gems/actionpack-5.0.6/lib/action_dispatch/middleware/templates/rescues/_source.html.erb
  Rendered /home/zaid/.rbenv/versions/2.4.0/lib/ruby/gems/2.4.0/gems/actionpack-5.0.6/lib/action_dispatch/middleware/templates/rescues/_source.html.erb (4.9ms)
  Rendering /home/zaid/.rbenv/versions/2.4.0/lib/ruby/gems/2.4.0/gems/actionpack-5.0.6/lib/action_dispatch/middleware/templates/rescues/_trace.html.erb
  Rendered /home/zaid/.rbenv/versions/2.4.0/lib/ruby/gems/2.4.0/gems/actionpack-5.0.6/lib/action_dispatch/middleware/templates/rescues/_trace.html.erb (6.6ms)
  Rendering /home/zaid/.rbenv/versions/2.4.0/lib/ruby/gems/2.4.0/gems/actionpack-5.0.6/lib/action_dispatch/middleware/templates/rescues/_request_and_response.html.erb
  Rendered /home/zaid/.rbenv/versions/2.4.0/lib/ruby/gems/2.4.0/gems/actionpack-5.0.6/lib/action_dispatch/middleware/templates/rescues/_request_and_response.html.erb (0.8ms)
  Rendered /home/zaid/.rbenv/versions/2.4.0/lib/ruby/gems/2.4.0/gems/actionpack-5.0.6/lib/action_dispatch/middleware/templates/rescues/diagnostics.html.erb within rescues/layout (248.6ms)
Started GET "/" for 127.0.0.1 at 2017-11-02 12:07:50 +0800
Processing by HomeController#index as HTML
Completed 200 OK in 4ms (Views: 0.4ms)


Started GET "/" for 127.0.0.1 at 2017-11-02 12:08:37 +0800
Processing by HomeController#index as HTML
Completed 200 OK in 3ms (Views: 0.5ms)


Started GET "/" for 127.0.0.1 at 2017-11-02 12:10:07 +0800
Processing by HomeController#index as HTML
Completed 200 OK in 4ms (Views: 0.5ms)


Started GET "/" for 127.0.0.1 at 2017-11-02 12:10:22 +0800
Processing by HomeController#index as HTML
Completed 200 OK in 3ms (Views: 0.5ms)


Started GET "/" for 127.0.0.1 at 2017-11-02 12:15:57 +0800
  
SyntaxError (/mnt/c/repos/jajahan/app/controllers/home_controller.rb:4: syntax error, unexpected tIDENTIFIER, expecting keyword_end
hanData.fetch_data data_params
                              ^):
  
app/controllers/home_controller.rb:4: syntax error, unexpected tIDENTIFIER, expecting keyword_end
  Rendering /home/zaid/.rbenv/versions/2.4.0/lib/ruby/gems/2.4.0/gems/actionpack-5.0.6/lib/action_dispatch/middleware/templates/rescues/diagnostics.html.erb within rescues/layout
  Rendering /home/zaid/.rbenv/versions/2.4.0/lib/ruby/gems/2.4.0/gems/actionpack-5.0.6/lib/action_dispatch/middleware/templates/rescues/_source.html.erb
  Rendered /home/zaid/.rbenv/versions/2.4.0/lib/ruby/gems/2.4.0/gems/actionpack-5.0.6/lib/action_dispatch/middleware/templates/rescues/_source.html.erb (4.1ms)
  Rendering /home/zaid/.rbenv/versions/2.4.0/lib/ruby/gems/2.4.0/gems/actionpack-5.0.6/lib/action_dispatch/middleware/templates/rescues/_trace.html.erb
  Rendered /home/zaid/.rbenv/versions/2.4.0/lib/ruby/gems/2.4.0/gems/actionpack-5.0.6/lib/action_dispatch/middleware/templates/rescues/_trace.html.erb (1.9ms)
  Rendering /home/zaid/.rbenv/versions/2.4.0/lib/ruby/gems/2.4.0/gems/actionpack-5.0.6/lib/action_dispatch/middleware/templates/rescues/_request_and_response.html.erb
  Rendered /home/zaid/.rbenv/versions/2.4.0/lib/ruby/gems/2.4.0/gems/actionpack-5.0.6/lib/action_dispatch/middleware/templates/rescues/_request_and_response.html.erb (1.2ms)
  Rendered /home/zaid/.rbenv/versions/2.4.0/lib/ruby/gems/2.4.0/gems/actionpack-5.0.6/lib/action_dispatch/middleware/templates/rescues/diagnostics.html.erb within rescues/layout (234.3ms)
Started GET "/" for 127.0.0.1 at 2017-11-02 14:43:43 +0800
  
SyntaxError (/mnt/c/repos/jajahan/app/controllers/home_controller.rb:4: syntax error, unexpected tIDENTIFIER, expecting keyword_end
hanData.fetch_data data_params
                              ^):
  
app/controllers/home_controller.rb:4: syntax error, unexpected tIDENTIFIER, expecting keyword_end
  Rendering /home/zaid/.rbenv/versions/2.4.0/lib/ruby/gems/2.4.0/gems/actionpack-5.0.6/lib/action_dispatch/middleware/templates/rescues/diagnostics.html.erb within rescues/layout
  Rendering /home/zaid/.rbenv/versions/2.4.0/lib/ruby/gems/2.4.0/gems/actionpack-5.0.6/lib/action_dispatch/middleware/templates/rescues/_source.html.erb
  Rendered /home/zaid/.rbenv/versions/2.4.0/lib/ruby/gems/2.4.0/gems/actionpack-5.0.6/lib/action_dispatch/middleware/templates/rescues/_source.html.erb (4.1ms)
  Rendering /home/zaid/.rbenv/versions/2.4.0/lib/ruby/gems/2.4.0/gems/actionpack-5.0.6/lib/action_dispatch/middleware/templates/rescues/_trace.html.erb
  Rendered /home/zaid/.rbenv/versions/2.4.0/lib/ruby/gems/2.4.0/gems/actionpack-5.0.6/lib/action_dispatch/middleware/templates/rescues/_trace.html.erb (2.0ms)
  Rendering /home/zaid/.rbenv/versions/2.4.0/lib/ruby/gems/2.4.0/gems/actionpack-5.0.6/lib/action_dispatch/middleware/templates/rescues/_request_and_response.html.erb
  Rendered /home/zaid/.rbenv/versions/2.4.0/lib/ruby/gems/2.4.0/gems/actionpack-5.0.6/lib/action_dispatch/middleware/templates/rescues/_request_and_response.html.erb (1.3ms)
  Rendered /home/zaid/.rbenv/versions/2.4.0/lib/ruby/gems/2.4.0/gems/actionpack-5.0.6/lib/action_dispatch/middleware/templates/rescues/diagnostics.html.erb within rescues/layout (236.3ms)
Started GET "/" for 127.0.0.1 at 2017-11-02 14:44:04 +0800
Processing by HomeController#index as HTML
Completed 500 Internal Server Error in 3ms


  
SyntaxError (/mnt/c/repos/jajahan/app/models/jajahan_data.rb:19: syntax error, unexpected tIDENTIFIER, expecting keyword_then or ';' or '\n'
postcode_areas.include? params[:area]
                              ^
/mnt/c/repos/jajahan/app/models/jajahan_data.rb:24: syntax error, unexpected keyword_end, expecting end-of-input):
  
app/models/jajahan_data.rb:19: syntax error, unexpected tIDENTIFIER, expecting keyword_then or ';' or '\n'
app/models/jajahan_data.rb:24: syntax error, unexpected keyword_end, expecting end-of-input
app/controllers/home_controller.rb:6:in `index'
  Rendering /home/zaid/.rbenv/versions/2.4.0/lib/ruby/gems/2.4.0/gems/actionpack-5.0.6/lib/action_dispatch/middleware/templates/rescues/diagnostics.html.erb within rescues/layout
  Rendering /home/zaid/.rbenv/versions/2.4.0/lib/ruby/gems/2.4.0/gems/actionpack-5.0.6/lib/action_dispatch/middleware/templates/rescues/_source.html.erb
  Rendered /home/zaid/.rbenv/versions/2.4.0/lib/ruby/gems/2.4.0/gems/actionpack-5.0.6/lib/action_dispatch/middleware/templates/rescues/_source.html.erb (7.0ms)
  Rendering /home/zaid/.rbenv/versions/2.4.0/lib/ruby/gems/2.4.0/gems/actionpack-5.0.6/lib/action_dispatch/middleware/templates/rescues/_trace.html.erb
  Rendered /home/zaid/.rbenv/versions/2.4.0/lib/ruby/gems/2.4.0/gems/actionpack-5.0.6/lib/action_dispatch/middleware/templates/rescues/_trace.html.erb (5.6ms)
  Rendering /home/zaid/.rbenv/versions/2.4.0/lib/ruby/gems/2.4.0/gems/actionpack-5.0.6/lib/action_dispatch/middleware/templates/rescues/_request_and_response.html.erb
  Rendered /home/zaid/.rbenv/versions/2.4.0/lib/ruby/gems/2.4.0/gems/actionpack-5.0.6/lib/action_dispatch/middleware/templates/rescues/_request_and_response.html.erb (0.9ms)
  Rendered /home/zaid/.rbenv/versions/2.4.0/lib/ruby/gems/2.4.0/gems/actionpack-5.0.6/lib/action_dispatch/middleware/templates/rescues/diagnostics.html.erb within rescues/layout (234.1ms)
Started GET "/" for 127.0.0.1 at 2017-11-02 14:44:22 +0800
Processing by HomeController#index as HTML
Completed 200 OK in 5ms (Views: 0.4ms)


Started GET "/?type=bank" for 127.0.0.1 at 2017-11-02 14:44:33 +0800
Processing by HomeController#index as HTML
  Parameters: {"type"=>"bank"}
Completed 200 OK in 1ms (Views: 0.2ms)


Started GET "/?type=bank" for 127.0.0.1 at 2017-11-02 14:46:15 +0800
Processing by HomeController#index as HTML
  Parameters: {"type"=>"bank"}
Completed 500 Internal Server Error in 4ms


  
Errno::ENOENT (No such file or directory @ rb_sysopen - /mnt/c/repos/jajahan/db/bank.rb):
  
app/models/jajahan_data.rb:18:in `read'
app/models/jajahan_data.rb:18:in `fetch_data'
app/controllers/home_controller.rb:4:in `index'
  Rendering /home/zaid/.rbenv/versions/2.4.0/lib/ruby/gems/2.4.0/gems/actionpack-5.0.6/lib/action_dispatch/middleware/templates/rescues/diagnostics.html.erb within rescues/layout
  Rendering /home/zaid/.rbenv/versions/2.4.0/lib/ruby/gems/2.4.0/gems/actionpack-5.0.6/lib/action_dispatch/middleware/templates/rescues/_source.html.erb
  Rendered /home/zaid/.rbenv/versions/2.4.0/lib/ruby/gems/2.4.0/gems/actionpack-5.0.6/lib/action_dispatch/middleware/templates/rescues/_source.html.erb (4.4ms)
  Rendering /home/zaid/.rbenv/versions/2.4.0/lib/ruby/gems/2.4.0/gems/actionpack-5.0.6/lib/action_dispatch/middleware/templates/rescues/_trace.html.erb
  Rendered /home/zaid/.rbenv/versions/2.4.0/lib/ruby/gems/2.4.0/gems/actionpack-5.0.6/lib/action_dispatch/middleware/templates/rescues/_trace.html.erb (1.9ms)
  Rendering /home/zaid/.rbenv/versions/2.4.0/lib/ruby/gems/2.4.0/gems/actionpack-5.0.6/lib/action_dispatch/middleware/templates/rescues/_request_and_response.html.erb
  Rendered /home/zaid/.rbenv/versions/2.4.0/lib/ruby/gems/2.4.0/gems/actionpack-5.0.6/lib/action_dispatch/middleware/templates/rescues/_request_and_response.html.erb (1.0ms)
  Rendered /home/zaid/.rbenv/versions/2.4.0/lib/ruby/gems/2.4.0/gems/actionpack-5.0.6/lib/action_dispatch/middleware/templates/rescues/diagnostics.html.erb within rescues/layout (224.8ms)
Started GET "/?type=bank" for 127.0.0.1 at 2017-11-02 14:46:46 +0800
Processing by HomeController#index as HTML
  Parameters: {"type"=>"bank"}
Completed 200 OK in 4ms (Views: 0.2ms)


Started GET "/?type=bank" for 127.0.0.1 at 2017-11-02 14:46:57 +0800
Processing by HomeController#index as HTML
  Parameters: {"type"=>"bank"}
Completed 200 OK in 3ms (Views: 0.1ms)


Started GET "/?type=bank" for 127.0.0.1 at 2017-11-02 14:48:32 +0800
Processing by HomeController#index as HTML
  Parameters: {"type"=>"bank"}
Completed 200 OK in 4ms (Views: 0.2ms)


Started GET "/?type=bank" for 127.0.0.1 at 2017-11-02 14:49:28 +0800
Processing by HomeController#index as HTML
  Parameters: {"type"=>"bank"}
Completed 500 Internal Server Error in 10ms


  
NoMethodError (undefined method `substr' for #<String:0x007fffcd585208>):
  
app/models/jajahan_data.rb:20:in `fetch_data'
app/controllers/home_controller.rb:4:in `index'
  Rendering /home/zaid/.rbenv/versions/2.4.0/lib/ruby/gems/2.4.0/gems/actionpack-5.0.6/lib/action_dispatch/middleware/templates/rescues/diagnostics.html.erb within rescues/layout
  Rendering /home/zaid/.rbenv/versions/2.4.0/lib/ruby/gems/2.4.0/gems/actionpack-5.0.6/lib/action_dispatch/middleware/templates/rescues/_source.html.erb
  Rendered /home/zaid/.rbenv/versions/2.4.0/lib/ruby/gems/2.4.0/gems/actionpack-5.0.6/lib/action_dispatch/middleware/templates/rescues/_source.html.erb (6.5ms)
  Rendering /home/zaid/.rbenv/versions/2.4.0/lib/ruby/gems/2.4.0/gems/actionpack-5.0.6/lib/action_dispatch/middleware/templates/rescues/_trace.html.erb
  Rendered /home/zaid/.rbenv/versions/2.4.0/lib/ruby/gems/2.4.0/gems/actionpack-5.0.6/lib/action_dispatch/middleware/templates/rescues/_trace.html.erb (3.3ms)
  Rendering /home/zaid/.rbenv/versions/2.4.0/lib/ruby/gems/2.4.0/gems/actionpack-5.0.6/lib/action_dispatch/middleware/templates/rescues/_request_and_response.html.erb
  Rendered /home/zaid/.rbenv/versions/2.4.0/lib/ruby/gems/2.4.0/gems/actionpack-5.0.6/lib/action_dispatch/middleware/templates/rescues/_request_and_response.html.erb (1.1ms)
  Rendered /home/zaid/.rbenv/versions/2.4.0/lib/ruby/gems/2.4.0/gems/actionpack-5.0.6/lib/action_dispatch/middleware/templates/rescues/diagnostics.html.erb within rescues/layout (224.1ms)
Started GET "/?type=bank" for 127.0.0.1 at 2017-11-02 14:50:01 +0800
Processing by HomeController#index as HTML
  Parameters: {"type"=>"bank"}
Completed 200 OK in 3ms (Views: 0.2ms)


Started GET "/?type=bank" for 127.0.0.1 at 2017-11-02 14:50:19 +0800
Processing by HomeController#index as HTML
  Parameters: {"type"=>"bank"}
Completed 500 Internal Server Error in 4ms


  
JSON::ParserError (743: unexpected token at '$items = [
    [ 'name' => 'AFFIN BANK BERHAD', 'swift_code' => 'PHBMMYKL', 'bank_code' => 'PHBM', 'is_listed' => 1 ],
    [ 'name' => 'AFFIN HWANG INVESTMENT BANK BERHAD', 'swift_code' => 'HDSBMY2P', 'bank_code' => 'HDSB', 'is_listed' => 0 ],
    [ 'name' => 'AFFIN ISLAMIC BANK BERHAD', 'swift_code' => 'AIBBMYKL', 'bank_code' => 'AIBB', 'is_listed' => 0 ],
    [ 'name' => 'AIA BHD.', 'swift_code' => 'AIACMYKL', 'bank_code' => 'AIAC', 'is_listed' => 0 ],
    [ 'name' => 'BANK PERTANIAN MALAYSIA BERHAD - AGROBANK', 'swift_code' => 'AGOBMYKL', 'bank_code' => 'AGOB', 'is_listed' => 1 ],
    [ 'name' => 'AL RAJHI BANKING AND INVESTMENT CORPORATION (MALAYSIA) BHD', 'swift_code' => 'RJHIMYKL', 'bank_code' => 'RJHI', 'is_listed' => 1 ],
    [ 'name' => 'ALKHAIR INTERNATIONAL ISLAMIC BANK BERHAD', 'swift_code' => 'UIIBMYKL', 'bank_code' => 'UIIB', 'is_listed' => 0 ],
    [ 'name' => 'ALLIANCE BANK MALAYSIA BERHAD', 'swift_code' => 'MFBBMYKL', 'bank_code' => 'MFBB', 'is_listed' => 1 ],
    [ 'name' => 'ALLIANCE INVESTMENT BANK BERHAD', 'swift_code' => 'MBAMMYKL', 'bank_code' => 'MBAM', 'is_listed' => 0 ],
    [ 'name' => 'ALLIANCE ISLAMIC BANK BERHAD', 'swift_code' => 'ALSRMYKL', 'bank_code' => 'ALSR', 'is_listed' => 0 ],
    [ 'name' => 'AMBANK (M) BERHAD', 'swift_code' => 'ARBKMYKL', 'bank_code' => 'ARBK', 'is_listed' => 1 ],
    [ 'name' => 'AMBANK (M) BERHAD LABUAN OFFSHORE BRANCH', 'swift_code' => 'ARBKMYKLLAB', 'bank_code' => 'ARBK', 'is_listed' => 0 ],
    [ 'name' => 'AMINVESTMENT BANK BERHAD', 'swift_code' => 'AMMBMYKL', 'bank_code' => 'AMMB', 'is_listed' => 0 ],
    [ 'name' => 'AMISLAMIC BANK BERHAD', 'swift_code' => 'AISLMYKL', 'bank_code' => 'AISL', 'is_listed' => 0 ],
    [ 'name' => 'ASIAN FINANCE BANK BERHAD', 'swift_code' => 'AFBQMYKL', 'bank_code' => 'AFBQ', 'is_listed' => 0 ],
    [ 'name' => 'ASIAN TRADE INVESTMENT BANK LTD', 'swift_code' => 'ATBLMY2A', 'bank_code' => 'ATBL', 'is_listed' => 0 ],
    [ 'name' => 'BANGKOK BANK BERHAD', 'swift_code' => 'BKKBMYKL', 'bank_code' => 'BKKB', 'is_listed' => 1 ],
    [ 'name' => 'BANK AL HABIB LIMITED', 'swift_code' => 'BAHLMY2A', 'bank_code' => 'BAHL', 'is_listed' => 0 ],
    [ 'name' => 'BANK ISLAM MALAYSIA BERHAD', 'swift_code' => 'BIMBMYKL', 'bank_code' => 'BIMB', 'is_listed' => 1 ],
    [ 'name' => 'BANK ISLAM MALAYSIA BERHAD LABUAN OFFSHORE BRANCH', 'swift_code' => 'BISLMYKA', 'bank_code' => 'BISL', 'is_listed' => 0 ],
    [ 'name' => 'BANK MUAMALAT MALAYSIA BERHAD', 'swift_code' => 'BMMBMYKL', 'bank_code' => 'BMMB', 'is_listed' => 1 ],
    [ 'name' => 'BANK MUAMALAT MALAYSIA BERHAD (TRADE FINANCE)', 'swift_code' => 'BMMBMYKLTFD', 'bank_code' => 'BMMB', 'is_listed' => 0 ],
    [ 'name' => 'BANK NEGARA MALAYSIA (HEAD OFFICE)', 'swift_code' => 'BNMAMYKL', 'bank_code' => 'BNMA', 'is_listed' => 0 ],
    [ 'name' => 'BANK NEGARA MALAYSIA', 'swift_code' => 'BNMAMY2K', 'bank_code' => 'BNMA', 'is_listed' => 0 ],
    [ 'name' => 'BANK OF AMERICA, MALAYSIA BERHAD', 'swift_code' => 'BOFAMY2X', 'bank_code' => 'BOFA', 'is_listed' => 1 ],
    [ 'name' => 'BANK OF AMERICA, MALAYSIA BERHAD', 'swift_code' => 'BOFAMY2XGRC', 'bank_code' => 'BOFA', 'is_listed' => 0 ],
    [ 'name' => 'BANK OF AMERICA, MALAYSIA BERHAD', 'swift_code' => 'BOFAMY2XLMY', 'bank_code' => 'BOFA', 'is_listed' => 0 ],
    [ 'name' => 'BANK OF AMERICA, MALAYSIA BERHAD', 'swift_code' => 'BOFAMY2XLBN', 'bank_code' => 'BOFA', 'is_listed' => 0 ],
    [ 'name' => 'BANK OF CHINA (MALAYSIA) BERHAD', 'swift_code' => 'BKCHMYKL', 'bank_code' => 'BKCH', 'is_listed' => 1 ],
    [ 'name' => 'BANK OF TOKYO-MITSUBISHI UFJ (MALAYSIA) BERHAD', 'swift_code' => 'BOTKMYKX', 'bank_code' => 'BOTK', 'is_listed' => 1 ],
    [ 'name' => 'BANK KERJASAMA RAKYAT MALAYSIA BERHAD (BANK RAKYAT)', 'swift_code' => 'BKRMMYKL', 'bank_code' => 'BKRM', 'is_listed' => 1 ],
    [ 'name' => 'Bank Simpanan Malaysia', 'swift_code' => '', 'bank_code' => '', 'is_listed' => 1 ],
    [ 'name' => 'BNP PARIBAS', 'swift_code' => 'BNPAMYKA', 'bank_code' => 'BNPA', 'is_listed' => 1 ],
    [ 'name' => 'BNP PARIBAS MALAYSIA BERHAD', 'swift_code' => 'BNPAMYKL', 'bank_code' => 'BNPA', 'is_listed' => 0 ],
    [ 'name' => 'BNP PARIBAS MALAYSIA BERHAD (BNPPM ISLAMIC BANKING WINDOW)', 'swift_code' => 'BNPAMYKLSPI', 'bank_code' => 'BNPA', 'is_listed' => 0 ],
    [ 'name' => 'CAGAMAS BERHAD', 'swift_code' => '', 'bank_code' => '', 'is_listed' => 0 ],
    [ 'name' => 'CIMB BANK BERHAD', 'swift_code' => 'CIBBMYKL', 'bank_code' => 'CIBB', 'is_listed' => 1 ],
    [ 'name' => 'CIMB BANK BERHAD (SECURITIES BORROWING AND LENDING)', 'swift_code' => 'CIBBMYKLSBL', 'bank_code' => 'CIBB', 'is_listed' => 0 ],
    [ 'name' => 'CIMB BANK (L) LIMITED', 'swift_code' => 'CIBBMYKA', 'bank_code' => 'CIBB', 'is_listed' => 0 ],
    [ 'name' => 'CIMB BANK BERHAD, LABUAN OFFSHORE BRANCH', 'swift_code' => 'CIBBMY2L', 'bank_code' => 'CIBB', 'is_listed' => 0 ],
    [ 'name' => 'CIMB ISLAMIC BANK BERHAD', 'swift_code' => 'CTBBMYKL', 'bank_code' => 'CTBB', 'is_listed' => 0 ],
    [ 'name' => 'CIMB-PRINCIPAL ASSET MANAGEMENT BERHAD', 'swift_code' => 'CANHMYKL', 'bank_code' => 'CANH', 'is_listed' => 0 ],
    [ 'name' => 'CITIBANK BERHAD (JALAN AMPANG)', 'swift_code' => 'CITIMYKL', 'bank_code' => 'CITI', 'is_listed' => 1 ],
    [ 'name' => 'CITIBANK BERHAD (PENANG BRANCH)', 'swift_code' => 'CITIMYKLPEN', 'bank_code' => 'CITI', 'is_listed' => 0 ],
    [ 'name' => 'CITIBANK BERHAD (JOHOR BAHRU BRANCH)', 'swift_code' => 'CITIMYKLJOD', 'bank_code' => 'CITI', 'is_listed' => 0 ],
    [ 'name' => 'CITIBANK BERHAD (LAB)', 'swift_code' => ' CITIMYKLLAB', 'bank_code' => 'CITI', 'is_listed' => 0 ],
    [ 'name' => 'DBS BANK LTD, LABUAN BRANCH', 'swift_code' => 'DBSSMY2A', 'bank_code' => 'DBSS', 'is_listed' => 0 ],
    [ 'name' => 'DEUTSCHE BANK (MALAYSIA) BERHAD', 'swift_code' => 'DEUTMYKL', 'bank_code' => 'DEUT', 'is_listed' => 1 ],
    [ 'name' => 'DEUTSCHE BANK (MALAYSIA) BERHAD', 'swift_code' => 'DEUTMYKLGMO', 'bank_code' => 'DEUT', 'is_listed' => 0 ],
    [ 'name' => 'DEUTSCHE BANK (MALAYSIA) BERHAD', 'swift_code' => 'DEUTMYKLIBW', 'bank_code' => 'DEUT', 'is_listed' => 0 ],
    [ 'name' => 'DEUTSCHE BANK (MALAYSIA) BERHAD (INTERNATIONAL ISLAMIC BANKING, MALAYSIA BRANCH)', 'swift_code' => 'DEUTMYKLISB', 'bank_code' => 'DEUT', 'is_listed' => 0 ],
    [ 'name' => 'DEUTSCHE BANK (MALAYSIA) BERHAD (LABUAN BRANCH)', 'swift_code' => 'DEUTMYKLBLB', 'bank_code' => 'DEUT', 'is_listed' => 0 ],
    [ 'name' => 'EXPORT-IMPORT BANK OF MALAYSIA BERHAD', 'swift_code' => 'EXMBMYKL', 'bank_code' => 'EXMB', 'is_listed' => 0 ],
    [ 'name' => 'FELDA GLOBAL VENTURES CAPITAL SDN. BHD.', 'swift_code' => 'FGVCMYKL', 'bank_code' => 'FGVC', 'is_listed' => 0 ],
    [ 'name' => 'FIDELITY ASIA BANK LTD', 'swift_code' => 'FABEMY22', 'bank_code' => 'FABE', 'is_listed' => 0 ],
    [ 'name' => 'HONG LEONG BANK BERHAD', 'swift_code' => 'HLBBMYKL', 'bank_code' => 'HLBB', 'is_listed' => 1 ],
    [ 'name' => 'HONG LEONG BANK BERHAD (ISLAMIC BANKING UNIT)', 'swift_code' => 'HLBBMYKLIBU', 'bank_code' => 'HLBB', 'is_listed' => 0 ],
    [ 'name' => 'HONG LEONG BANK BERHAD, JOHOR BAHRU, JOHOR', 'swift_code' => 'HLBBMYKLJBU', 'bank_code' => 'HLBB', 'is_listed' => 0 ],
    [ 'name' => 'HONG LEONG BANK BERHAD, KUCHING, SARAWAK', 'swift_code' => 'HLBBMYKLKCH', 'bank_code' => 'HLBB', 'is_listed' => 0 ],
    [ 'name' => 'HONG LEONG BANK BERHAD, PENANG, PENANG', 'swift_code' => 'HLBBMYKLPNG', 'bank_code' => 'HLBB', 'is_listed' => 0 ],
    [ 'name' => 'HONG LEONG INVESTMENT BANK BERHAD', 'swift_code' => 'HLIVMYKL', 'bank_code' => 'HLIV', 'is_listed' => 0 ],
    [ 'name' => 'HONG LEONG ISLAMIC BANK BERHAD', 'swift_code' => 'HLIBMYKL', 'bank_code' => 'HLIB', 'is_listed' => 0 ],
    [ 'name' => 'THE HONGKONG AND SHANGHAI BANKING CORPORATION LTD.', 'swift_code' => 'HSBCMYKA', 'bank_code' => 'HSBC', 'is_listed' => 0 ],
    [ 'name' => 'HSBC (MALAYSIA) TRUSTEE BERHAD', 'swift_code' => 'HSTMMYKL', 'bank_code' => 'HSTM', 'is_listed' => 0 ],
    [ 'name' => 'HSBC (MALAYSIA) TRUSTEE BERHAD (GLOBAL WEALTH SOLUTIONS)', 'swift_code' => 'HSTMMYKLGWS', 'bank_code' => 'HSTM', 'is_listed' => 0 ],
    [ 'name' => 'HSBC AMANAH MALAYSIA BERHAD', 'swift_code' => 'HMABMYKL', 'bank_code' => 'HMAB', 'is_listed' => 0 ],
    [ 'name' => 'HSBC BANK MALAYSIA BERHAD', 'swift_code' => 'HBMBMYKL', 'bank_code' => 'HBMB', 'is_listed' => 1 ],
    [ 'name' => 'INDIA INTERNATIONAL BANK (MALAYSIA) BERHAD', 'swift_code' => 'IIMBMYKL', 'bank_code' => 'IIMB', 'is_listed' => 0 ],
    [ 'name' => 'INDUSTRIAL AND COMMERCIAL BANK OF CHINA (MALAYSIA) BERHAD.', 'swift_code' => 'ICBKMYKL', 'bank_code' => 'ICBK', 'is_listed' => 1 ],
    [ 'name' => 'INDUSTRIAL AND COMMERCIAL BANK OF CHINA (MALAYSIA) BERHAD., (LABUAN BRANCH)', 'swift_code' => 'ICBKMYKLLAB', 'bank_code' => 'ICBK', 'is_listed' => 0 ],
    [ 'name' => 'J.P.MORGAN CHASE BANK BERHAD', 'swift_code' => 'CHASMYKX', 'bank_code' => 'CHAS', 'is_listed' => 1 ],
    [ 'name' => 'J.P.MORGAN CHASE BANK BERHAD, (JPMORGAN SECURITIES - MALAYSIA)', 'swift_code' => 'CHASMYKXSEC', 'bank_code' => 'CHAS', 'is_listed' => 0 ],
    [ 'name' => 'J.P.MORGAN CHASE BANK BERHAD, (TEST KEY AND BKE ADMINISTRATION)', 'swift_code' => 'CHASMYKXKEY', 'bank_code' => 'CHAS', 'is_listed' => 0 ],
    [ 'name' => 'JPMORGAN CHASE BANK, N.A., LABUAN BRANCH', 'swift_code' => 'CHASMY2A', 'bank_code' => 'CHAS', 'is_listed' => 0 ],
    [ 'name' => 'KAF INVESTMENT BANK BERHAD', 'swift_code' => 'KAFBMYKL', 'bank_code' => 'KAFB', 'is_listed' => 0 ],
    [ 'name' => 'KENANGA INVESTMENT BANK BERHAD', 'swift_code' => 'ECMLMYKL', 'bank_code' => 'ECML', 'is_listed' => 0 ],
    [ 'name' => 'KUWAIT FINANCE HOUSE (MALAYSIA) BERHAD', 'swift_code' => 'KFHOMYKL', 'bank_code' => 'KFHO', 'is_listed' => 1 ],
    [ 'name' => 'MALAYAN BANKING BERHAD (MAYBANK)', 'swift_code' => 'MBBEMYKL', 'bank_code' => 'MBBE', 'is_listed' => 1 ],
    [ 'name' => 'MALAYAN BANKING BERHAD (MAYBANK), BUTTERWORTH, PENANG (TRADE FINANCE CENTER) ', 'swift_code' => 'MBBEMYKLBWC', 'bank_code' => 'MBBE', 'is_listed' => 0 ],
    [ 'name' => 'MALAYAN BANKING BERHAD (MAYBANK), IPOH, PERAK', 'swift_code' => 'MBBEMYKLIPH', 'bank_code' => 'MBBE', 'is_listed' => 0 ],
    [ 'name' => 'MALAYAN BANKING BERHAD (MAYBANK), JOHOR BAHRU, JOHOR', 'swift_code' => 'MBBEMYKLJOB', 'bank_code' => 'MBBE', 'is_listed' => 0 ],
    [ 'name' => 'MALAYAN BANKING BERHAD (MAYBANK), KOTA KINABALU, SABAH', 'swift_code' => 'MBBEMYKLKIN', 'bank_code' => 'MBBE', 'is_listed' => 0 ],
    [ 'name' => 'MALAYAN BANKING BERHAD (MAYBANK), KUALA LUMPUR (BANGSAR BARU BRANCH)', 'swift_code' => 'MBBEMYKLBAN', 'bank_code' => 'MBBE', 'is_listed' => 0 ],
    [ 'name' => 'MALAYAN BANKING BERHAD (MAYBANK), KUALA LUMPUR (BUKIT BINTANG BRANCH)', 'swift_code' => 'MBBEMYKLBBG', 'bank_code' => 'MBBE', 'is_listed' => 0 ],
    [ 'name' => 'MALAYAN BANKING BERHAD (MAYBANK), KUALA LUMPUR (CASH MANAGEMENT DEPARTMENT)', 'swift_code' => 'MBBEMYKLWEB', 'bank_code' => 'MBBE', 'is_listed' => 0 ],
    [ 'name' => 'MALAYAN BANKING BERHAD (MAYBANK), KUALA LUMPUR (CUSTODIAN SERVICES DEPARTMENT)', 'swift_code' => 'MBBEMYKLCSD', 'bank_code' => 'MBBE', 'is_listed' => 0 ],
    [ 'name' => 'MALAYAN BANKING BERHAD (MAYBANK), KUALA LUMPUR (KEPONG BRANCH)', 'swift_code' => 'MBBEMYKLKEP', 'bank_code' => 'MBBE', 'is_listed' => 0 ],
    [ 'name' => 'MALAYAN BANKING BERHAD (MAYBANK), KUALA LUMPUR (PUDU BRANCH)', 'swift_code' => 'MBBEMYKLPUD', 'bank_code' => 'MBBE', 'is_listed' => 0 ],
    [ 'name' => 'MALAYAN BANKING BERHAD (MAYBANK), KUALA LUMPUR (SUBANG AIRPORT)', 'swift_code' => 'MBBEMYKLSUB', 'bank_code' => 'MBBE', 'is_listed' => 0 ],
    [ 'name' => 'MALAYAN BANKING BERHAD (MAYBANK), KUALA LUMPUR (TRADE FINANCE CENTER)', 'swift_code' => 'MBBEMYKLKLC', 'bank_code' => 'MBBE', 'is_listed' => 0 ],
    [ 'name' => 'MALAYAN BANKING BERHAD (MAYBANK), KUALA LUMPUR (WISMA SIME DARBY BRANCH)', 'swift_code' => 'MBBEMYKLWSD', 'bank_code' => 'MBBE', 'is_listed' => 0 ],
    [ 'name' => 'MALAYAN BANKING BERHAD (MAYBANK), MALACCA, MALACCA', 'swift_code' => 'MBBEMYKLMAL', 'bank_code' => 'MBBE', 'is_listed' => 0 ],
    [ 'name' => 'MALAYAN BANKING BERHAD (MAYBANK), PASIR GUDANG, JOHOR', 'swift_code' => 'MBBEMYKLPSG', 'bank_code' => 'MBBE', 'is_listed' => 0 ],
    [ 'name' => 'MALAYAN BANKING BERHAD (MAYBANK), PENANG, PENANG (TRADE FINANCE CENTER)', 'swift_code' => 'MBBEMYKLPGC', 'bank_code' => 'MBBE', 'is_listed' => 0 ],
    [ 'name' => 'MALAYAN BANKING BERHAD (MAYBANK), PENANG, PENANG', 'swift_code' => 'MBBEMYKLPEN', 'bank_code' => 'MBBE', 'is_listed' => 0 ],
    [ 'name' => 'MALAYAN BANKING BERHAD (MAYBANK), PETALING JAYA, SELANGOR (TRADE FINANCE CENTER)', 'swift_code' => 'MBBEMYKLPJC', 'bank_code' => 'MBBE', 'is_listed' => 0 ],
    [ 'name' => 'MALAYAN BANKING BERHAD (MAYBANK), PETALING JAYA, SELANGOR (YONG SHOOK LIN BRANCH)', 'swift_code' => 'MBBEMYKLYSL', 'bank_code' => 'MBBE', 'is_listed' => 0 ],
    [ 'name' => 'MALAYAN BANKING BERHAD (MAYBANK), PETALING JAYA, SELANGOR', 'swift_code' => 'MBBEMYKLPJY', 'bank_code' => 'MBBE', 'is_listed' => 0 ],
    [ 'name' => 'MALAYAN BANKING BERHAD (MAYBANK), PORT KLANG, SELANGOR', 'swift_code' => 'MBBEMYKLPKG', 'bank_code' => 'MBBE', 'is_listed' => 0 ],
    [ 'name' => 'MALAYAN BANKING BERHAD (MAYBANK), SEREMBAN, NEGRI SEMBILAN', 'swift_code' => 'MBBEMYKLSBN', 'bank_code' => 'MBBE', 'is_listed' => 0 ],
    [ 'name' => 'MALAYAN BANKING BERHAD (MAYBANK), SHAH ALAM, SELANGOR  (TRADE FINANCE CENTER)', 'swift_code' => 'MBBEMYKLSAC', 'bank_code' => 'MBBE', 'is_listed' => 0 ],
    [ 'name' => 'MALAYAN BANKING BERHAD (MAYBANK), SHAH ALAM, SELANGOR', 'swift_code' => 'MBBEMYKLSHA', 'bank_code' => 'MBBE', 'is_listed' => 0 ],
    [ 'name' => 'MALAYSIA AIRLINES BERHAD', 'swift_code' => 'MAYHMY22', 'bank_code' => 'MAYH', 'is_listed' => 0 ],
    [ 'name' => 'MAX MONEY SDN BHD', 'swift_code' => 'MMSBMYKL', 'bank_code' => 'MMSB', 'is_listed' => 0 ],
    [ 'name' => 'MAYBANK INTERNATIONAL (L) LTD.', 'swift_code' => 'MBBEMYKA', 'bank_code' => 'MBBE', 'is_listed' => 0 ],
    [ 'name' => 'MAYBANK INTERNATIONAL LABUAN BRANCH', 'swift_code' => 'MBBEMY2L', 'bank_code' => 'MBBE', 'is_listed' => 0 ],
    [ 'name' => 'MAYBANK INVESTMENT BANK BERHAD', 'swift_code' => 'MBEAMYKL', 'bank_code' => 'MBEA', 'is_listed' => 0 ],
    [ 'name' => 'MAYBANK ISLAMIC BERHAD', 'swift_code' => 'MBISMYKL', 'bank_code' => 'MBIS', 'is_listed' => 0 ],
    [ 'name' => 'MEGA INTERNATIONAL COMMERCIAL BANK CO., LTD. LABUAN BRANCH', 'swift_code' => 'ICBCMY2L', 'bank_code' => 'ICBC', 'is_listed' => 0 ],
    [ 'name' => 'MERCEDES-BENZ MALAYSIA SDN. BHD', 'swift_code' => 'DABEMYKL', 'bank_code' => 'DABE', 'is_listed' => 0 ],
    [ 'name' => 'MERCEDES-BENZ SERVICES MALAYSIA SDN. BHD.', 'swift_code' => 'MBSMMYKL', 'bank_code' => 'MBSM', 'is_listed' => 0 ],
    [ 'name' => 'MIDDLE EAST INVESTMENT BANK LTD', 'swift_code' => 'MEIBMYKA', 'bank_code' => 'MEIB', 'is_listed' => 0 ],
    [ 'name' => 'MIZUHO BANK (MALAYSIA) BERHAD', 'swift_code' => 'MHCBMYKA', 'bank_code' => 'MHCB', 'is_listed' => 1 ],
    [ 'name' => 'MIZUHO BANK, LTD., LABUAN BRANCH', 'swift_code' => 'MHCBMY2L', 'bank_code' => 'MHCB', 'is_listed' => 0 ],
    [ 'name' => 'NATIONAL BANK OF ABU DHABI', 'swift_code' => 'NBADMYKL', 'bank_code' => 'NBAD', 'is_listed' => 0 ],
    [ 'name' => 'NATIONAL BANK OF ABU DHABI, LABUAN', 'swift_code' => 'NBADMYKLLAU', 'bank_code' => 'NBAD', 'is_listed' => 0 ],
    [ 'name' => 'NOMURA ASSET MANAGEMENT MALAYSIA SDN BHD', 'swift_code' => 'NOCMMYKL', 'bank_code' => 'NOCM', 'is_listed' => 0 ],
    [ 'name' => 'OCBC BANK (MALAYSIA) BERHAD', 'swift_code' => 'OCBCMYKL', 'bank_code' => 'OCBC', 'is_listed' => 1 ],
    [ 'name' => 'OCBC AL-AMIN BANK BERHAD', 'swift_code' => 'OABBMYKL', 'bank_code' => 'OABB', 'is_listed' => 0 ],
    [ 'name' => 'PETROLIAM NASIONAL BERHAD', 'swift_code' => 'PTROMYKL', 'bank_code' => 'PTRO', 'is_listed' => 0 ],
    [ 'name' => 'PETROLIAM NASIONAL BERHAD, KUALA LUMPUR (KLCC)', 'swift_code' => 'PTROMYKLFSD', 'bank_code' => 'PTRO', 'is_listed' => 0 ],
    [ 'name' => 'PETRONAS CARIGALI SDN BHD', 'swift_code' => 'PCGLMYKL', 'bank_code' => 'PCGL', 'is_listed' => 0 ],
    [ 'name' => 'PETRONAS TRADING CORPORATION SDN. BHD', 'swift_code' => 'PTRDMYKL', 'bank_code' => 'PTRD', 'is_listed' => 0 ],
    [ 'name' => 'PG ASIA INVESTMENT BANK LTD', 'swift_code' => 'AINEMY22', 'bank_code' => 'AINE', 'is_listed' => 0 ],
    [ 'name' => 'PUBLIC BANK BERHAD', 'swift_code' => 'PBBEMYKL', 'bank_code' => 'PBBE', 'is_listed' => 1 ],
    [ 'name' => 'PUBLIC BANK (L) LTD', 'swift_code' => 'PBLLMYKA', 'bank_code' => 'PBLL', 'is_listed' => 0 ],
    [ 'name' => 'PUBLIC ISLAMIC BANK BERHAD', 'swift_code' => 'PUIBMYKL', 'bank_code' => 'PUIB', 'is_listed' => 0 ],
    [ 'name' => 'RHB BANK BERHAD', 'swift_code' => 'RHBBMYKL', 'bank_code' => 'RHBB', 'is_listed' => 1 ],
    [ 'name' => 'RHB BANK (L) LTD', 'swift_code' => 'RHBBMYKA', 'bank_code' => 'RHBB', 'is_listed' => 0 ],
    [ 'name' => 'RHB INVESTMENT BANK BERHAD', 'swift_code' => 'OSKIMYKL', 'bank_code' => 'OSKI', 'is_listed' => 0 ],
    [ 'name' => 'RHB ISLAMIC BANK BERHAD', 'swift_code' => 'RHBAMYKL', 'bank_code' => 'RHBA', 'is_listed' => 0 ],
    [ 'name' => 'STANDARD CHARTERED BANK MALAYSIA BERHAD', 'swift_code' => 'SCBLMYKX', 'bank_code' => 'SCBL', 'is_listed' => 1 ],
    [ 'name' => 'STANDARD CHARTERED BANK MALAYSIA BERHAD, (LABUAN OFFSHORE BANKING UNIT)', 'swift_code' => 'SCBLMYKXLAB', 'bank_code' => 'SCBL', 'is_listed' => 0 ],
    [ 'name' => 'STANDARD CHARTERED SAADIQ BERHAD', 'swift_code' => 'SCSRMYKK', 'bank_code' => 'SCSR', 'is_listed' => 0 ],
    [ 'name' => 'SUMITOMO MITSUI BANKING CORPORATION MALAYSIA BERHAD', 'swift_code' => 'SMBCMYKL', 'bank_code' => 'SMBC', 'is_listed' => 1 ],
    [ 'name' => 'SUMITOMO MITSUI BANKING CORPORATION', 'swift_code' => 'SMBCMYKA', 'bank_code' => 'SMBC', 'is_listed' => 0 ],
    [ 'name' => 'THE BANK OF NOVA SCOTIA,', 'swift_code' => 'NOSCMY2L', 'bank_code' => 'NOSC', 'is_listed' => 1 ],
    [ 'name' => 'THE BANK OF TOKYO-MITSUBISHI UFJ, LTD. (LABUAN BRANCH)', 'swift_code' => 'BOTKMYKA', 'bank_code' => 'BOTK', 'is_listed' => 0 ],
    [ 'name' => 'THE ROYAL BANK OF SCOTLAND BERHAD ', 'swift_code' => 'ABNAMYKL', 'bank_code' => 'ABNA', 'is_listed' => 1 ],
    [ 'name' => 'THE ROYAL BANK OF SCOTLAND BERHAD, PENANG, PENANG', 'swift_code' => 'ABNAMYKLPNG', 'bank_code' => 'ABNA', 'is_listed' => 0 ],
    [ 'name' => 'THE ROYAL BANK OF SCOTLAND PLC LABUAN BRANCH', 'swift_code' => 'ABNAMY2A', 'bank_code' => 'ABNA', 'is_listed' => 0 ],
    [ 'name' => 'UNITED OVERSEAS BANK (MALAYSIA) BERHAD', 'swift_code' => 'UOVBMYKL', 'bank_code' => 'UOVB', 'is_listed' => 1 ],
    [ 'name' => 'UNITED OVERSEAS BANK (MALAYSIA) BERHAD, (CUSTODIAN AND NOMINEES DEPARTMENT)', 'swift_code' => 'UOVBMYKLCND', 'bank_code' => 'UOVB', 'is_listed' => 0 ],
    [ 'name' => 'UNITED OVERSEAS BANK (MALAYSIA) BERHAD', 'swift_code' => 'UOVBMY2L', 'bank_code' => 'UOVB', 'is_listed' => 0 ],
];
'):
  
app/models/jajahan_data.rb:20:in `fetch_data'
app/controllers/home_controller.rb:4:in `index'
  Rendering /home/zaid/.rbenv/versions/2.4.0/lib/ruby/gems/2.4.0/gems/actionpack-5.0.6/lib/action_dispatch/middleware/templates/rescues/diagnostics.html.erb within rescues/layout
  Rendering /home/zaid/.rbenv/versions/2.4.0/lib/ruby/gems/2.4.0/gems/actionpack-5.0.6/lib/action_dispatch/middleware/templates/rescues/_source.html.erb
  Rendered /home/zaid/.rbenv/versions/2.4.0/lib/ruby/gems/2.4.0/gems/actionpack-5.0.6/lib/action_dispatch/middleware/templates/rescues/_source.html.erb (4.2ms)
  Rendering /home/zaid/.rbenv/versions/2.4.0/lib/ruby/gems/2.4.0/gems/actionpack-5.0.6/lib/action_dispatch/middleware/templates/rescues/_trace.html.erb
  Rendered /home/zaid/.rbenv/versions/2.4.0/lib/ruby/gems/2.4.0/gems/actionpack-5.0.6/lib/action_dispatch/middleware/templates/rescues/_trace.html.erb (2.1ms)
  Rendering /home/zaid/.rbenv/versions/2.4.0/lib/ruby/gems/2.4.0/gems/actionpack-5.0.6/lib/action_dispatch/middleware/templates/rescues/_request_and_response.html.erb
  Rendered /home/zaid/.rbenv/versions/2.4.0/lib/ruby/gems/2.4.0/gems/actionpack-5.0.6/lib/action_dispatch/middleware/templates/rescues/_request_and_response.html.erb (1.2ms)
  Rendered /home/zaid/.rbenv/versions/2.4.0/lib/ruby/gems/2.4.0/gems/actionpack-5.0.6/lib/action_dispatch/middleware/templates/rescues/diagnostics.html.erb within rescues/layout (228.9ms)
Started GET "/?type=bank" for 127.0.0.1 at 2017-11-02 14:51:13 +0800
Processing by HomeController#index as HTML
  Parameters: {"type"=>"bank"}
Completed 500 Internal Server Error in 6ms


  
NoMethodError (undefined method `to_h' for #<String:0x007fffcc3e8838>
Did you mean?  to_f
               to_i
               to_s
               to_r
               to_d
               to_c):
  
app/models/jajahan_data.rb:20:in `fetch_data'
app/controllers/home_controller.rb:4:in `index'
  Rendering /home/zaid/.rbenv/versions/2.4.0/lib/ruby/gems/2.4.0/gems/actionpack-5.0.6/lib/action_dispatch/middleware/templates/rescues/diagnostics.html.erb within rescues/layout
  Rendering /home/zaid/.rbenv/versions/2.4.0/lib/ruby/gems/2.4.0/gems/actionpack-5.0.6/lib/action_dispatch/middleware/templates/rescues/_source.html.erb
  Rendered /home/zaid/.rbenv/versions/2.4.0/lib/ruby/gems/2.4.0/gems/actionpack-5.0.6/lib/action_dispatch/middleware/templates/rescues/_source.html.erb (5.4ms)
  Rendering /home/zaid/.rbenv/versions/2.4.0/lib/ruby/gems/2.4.0/gems/actionpack-5.0.6/lib/action_dispatch/middleware/templates/rescues/_trace.html.erb
  Rendered /home/zaid/.rbenv/versions/2.4.0/lib/ruby/gems/2.4.0/gems/actionpack-5.0.6/lib/action_dispatch/middleware/templates/rescues/_trace.html.erb (2.1ms)
  Rendering /home/zaid/.rbenv/versions/2.4.0/lib/ruby/gems/2.4.0/gems/actionpack-5.0.6/lib/action_dispatch/middleware/templates/rescues/_request_and_response.html.erb
  Rendered /home/zaid/.rbenv/versions/2.4.0/lib/ruby/gems/2.4.0/gems/actionpack-5.0.6/lib/action_dispatch/middleware/templates/rescues/_request_and_response.html.erb (2.9ms)
  Rendered /home/zaid/.rbenv/versions/2.4.0/lib/ruby/gems/2.4.0/gems/actionpack-5.0.6/lib/action_dispatch/middleware/templates/rescues/diagnostics.html.erb within rescues/layout (225.9ms)
Started GET "/?type=bank" for 127.0.0.1 at 2017-11-02 14:51:59 +0800
Processing by HomeController#index as HTML
  Parameters: {"type"=>"bank"}
Completed 200 OK in 13ms (Views: 7.6ms)


Started GET "/?type=bank" for 127.0.0.1 at 2017-11-02 14:53:12 +0800
Processing by HomeController#index as HTML
  Parameters: {"type"=>"bank"}
Completed 200 OK in 14ms (Views: 8.9ms)


Started GET "/" for 127.0.0.1 at 2017-11-02 14:55:05 +0800
Processing by HomeController#index as HTML
Completed 200 OK in 3ms (Views: 1.1ms)


Started GET "/?type=country" for 127.0.0.1 at 2017-11-02 14:55:16 +0800
Processing by HomeController#index as HTML
  Parameters: {"type"=>"country"}
Completed 500 Internal Server Error in 8ms


  
SyntaxError ((eval):3: Invalid octal digit
    [ 'id' => 008, 'name' => "Albania", 'iso_31
                 ^
(eval):9: Invalid octal digit
    [ 'id' => 028, 'name' => "Antigua and Barbu
                 ^
(eval):15: Invalid octal digit
    [ 'id' => 048, 'name' => "Bahrain", 'iso_31
                 ^
(eval):22: Invalid octal digit
    [ 'id' => 068, 'name' => "Bolivia, Plurinat
                 ^
(eval):27: Invalid octal digit
    [ 'id' => 084, 'name' => "Belize", 'iso_31
                ^
(eval):28: Invalid octal digit
    [ 'id' => 086, 'name' => "British Indian O
                ^
(eval):29: Invalid octal digit
    [ 'id' => 090, 'name' => "Solomon Islands"
                ^
(eval):30: Invalid octal digit
    [ 'id' => 092, 'name' => "Virgin Islands, 
                ^
(eval):31: Invalid octal digit
    [ 'id' => 096, 'name' => "Brunei Darussala
                ^):
  
app/models/jajahan_data.rb:20:in `eval'
app/models/jajahan_data.rb:20:in `fetch_data'
app/controllers/home_controller.rb:4:in `index'
  Rendering /home/zaid/.rbenv/versions/2.4.0/lib/ruby/gems/2.4.0/gems/actionpack-5.0.6/lib/action_dispatch/middleware/templates/rescues/diagnostics.html.erb within rescues/layout
  Rendering /home/zaid/.rbenv/versions/2.4.0/lib/ruby/gems/2.4.0/gems/actionpack-5.0.6/lib/action_dispatch/middleware/templates/rescues/_source.html.erb
  Rendered /home/zaid/.rbenv/versions/2.4.0/lib/ruby/gems/2.4.0/gems/actionpack-5.0.6/lib/action_dispatch/middleware/templates/rescues/_source.html.erb (4.0ms)
  Rendering /home/zaid/.rbenv/versions/2.4.0/lib/ruby/gems/2.4.0/gems/actionpack-5.0.6/lib/action_dispatch/middleware/templates/rescues/_trace.html.erb
  Rendered /home/zaid/.rbenv/versions/2.4.0/lib/ruby/gems/2.4.0/gems/actionpack-5.0.6/lib/action_dispatch/middleware/templates/rescues/_trace.html.erb (3.3ms)
  Rendering /home/zaid/.rbenv/versions/2.4.0/lib/ruby/gems/2.4.0/gems/actionpack-5.0.6/lib/action_dispatch/middleware/templates/rescues/_request_and_response.html.erb
  Rendered /home/zaid/.rbenv/versions/2.4.0/lib/ruby/gems/2.4.0/gems/actionpack-5.0.6/lib/action_dispatch/middleware/templates/rescues/_request_and_response.html.erb (1.0ms)
  Rendered /home/zaid/.rbenv/versions/2.4.0/lib/ruby/gems/2.4.0/gems/actionpack-5.0.6/lib/action_dispatch/middleware/templates/rescues/diagnostics.html.erb within rescues/layout (221.7ms)
Started GET "/?type=country" for 127.0.0.1 at 2017-11-02 14:56:25 +0800
Processing by HomeController#index as HTML
  Parameters: {"type"=>"country"}
Completed 500 Internal Server Error in 4ms


  
SyntaxError ((eval):250: syntax error, unexpected ']', expecting '}'
 'ZM', 'iso_3166_3' => 'ZMB' ]
                              ^):
  
app/models/jajahan_data.rb:20:in `eval'
app/models/jajahan_data.rb:20:in `fetch_data'
app/controllers/home_controller.rb:4:in `index'
  Rendering /home/zaid/.rbenv/versions/2.4.0/lib/ruby/gems/2.4.0/gems/actionpack-5.0.6/lib/action_dispatch/middleware/templates/rescues/diagnostics.html.erb within rescues/layout
  Rendering /home/zaid/.rbenv/versions/2.4.0/lib/ruby/gems/2.4.0/gems/actionpack-5.0.6/lib/action_dispatch/middleware/templates/rescues/_source.html.erb
  Rendered /home/zaid/.rbenv/versions/2.4.0/lib/ruby/gems/2.4.0/gems/actionpack-5.0.6/lib/action_dispatch/middleware/templates/rescues/_source.html.erb (4.8ms)
  Rendering /home/zaid/.rbenv/versions/2.4.0/lib/ruby/gems/2.4.0/gems/actionpack-5.0.6/lib/action_dispatch/middleware/templates/rescues/_trace.html.erb
  Rendered /home/zaid/.rbenv/versions/2.4.0/lib/ruby/gems/2.4.0/gems/actionpack-5.0.6/lib/action_dispatch/middleware/templates/rescues/_trace.html.erb (2.3ms)
  Rendering /home/zaid/.rbenv/versions/2.4.0/lib/ruby/gems/2.4.0/gems/actionpack-5.0.6/lib/action_dispatch/middleware/templates/rescues/_request_and_response.html.erb
  Rendered /home/zaid/.rbenv/versions/2.4.0/lib/ruby/gems/2.4.0/gems/actionpack-5.0.6/lib/action_dispatch/middleware/templates/rescues/_request_and_response.html.erb (1.2ms)
  Rendered /home/zaid/.rbenv/versions/2.4.0/lib/ruby/gems/2.4.0/gems/actionpack-5.0.6/lib/action_dispatch/middleware/templates/rescues/diagnostics.html.erb within rescues/layout (234.8ms)
Started GET "/?type=country" for 127.0.0.1 at 2017-11-02 14:56:38 +0800
Processing by HomeController#index as HTML
  Parameters: {"type"=>"country"}
Completed 200 OK in 22ms (Views: 15.5ms)


Started GET "/?type=district" for 127.0.0.1 at 2017-11-02 14:58:00 +0800
Processing by HomeController#index as HTML
  Parameters: {"type"=>"district"}
Completed 500 Internal Server Error in 6ms


  
SyntaxError ((eval):4: target of repeat operator is not specified: /*
     * perlis - Perlis tiada daerah.
     */
(eval):5: syntax error, unexpected [, expecting ']'
    ['id' => '0900', 'state_id' => 
     ^
(eval):5: syntax error, unexpected ',', expecting end-of-input
 'PERLIS', 'code_3' => 'PER'],
                              ^):
  
app/models/jajahan_data.rb:20:in `eval'
app/models/jajahan_data.rb:20:in `fetch_data'
app/controllers/home_controller.rb:4:in `index'
  Rendering /home/zaid/.rbenv/versions/2.4.0/lib/ruby/gems/2.4.0/gems/actionpack-5.0.6/lib/action_dispatch/middleware/templates/rescues/diagnostics.html.erb within rescues/layout
  Rendering /home/zaid/.rbenv/versions/2.4.0/lib/ruby/gems/2.4.0/gems/actionpack-5.0.6/lib/action_dispatch/middleware/templates/rescues/_source.html.erb
  Rendered /home/zaid/.rbenv/versions/2.4.0/lib/ruby/gems/2.4.0/gems/actionpack-5.0.6/lib/action_dispatch/middleware/templates/rescues/_source.html.erb (4.9ms)
  Rendering /home/zaid/.rbenv/versions/2.4.0/lib/ruby/gems/2.4.0/gems/actionpack-5.0.6/lib/action_dispatch/middleware/templates/rescues/_trace.html.erb
  Rendered /home/zaid/.rbenv/versions/2.4.0/lib/ruby/gems/2.4.0/gems/actionpack-5.0.6/lib/action_dispatch/middleware/templates/rescues/_trace.html.erb (2.0ms)
  Rendering /home/zaid/.rbenv/versions/2.4.0/lib/ruby/gems/2.4.0/gems/actionpack-5.0.6/lib/action_dispatch/middleware/templates/rescues/_request_and_response.html.erb
  Rendered /home/zaid/.rbenv/versions/2.4.0/lib/ruby/gems/2.4.0/gems/actionpack-5.0.6/lib/action_dispatch/middleware/templates/rescues/_request_and_response.html.erb (0.9ms)
  Rendered /home/zaid/.rbenv/versions/2.4.0/lib/ruby/gems/2.4.0/gems/actionpack-5.0.6/lib/action_dispatch/middleware/templates/rescues/diagnostics.html.erb within rescues/layout (223.9ms)
Started GET "/?type=state" for 127.0.0.1 at 2017-11-02 15:06:20 +0800
Processing by HomeController#index as HTML
  Parameters: {"type"=>"state"}
Completed 500 Internal Server Error in 2ms


  
SyntaxError ((eval):7: unknown regexp options - kala
(eval):7: syntax error, unexpected tIDENTIFIER, expecting ']'
' => 'KUANTAN'], //kuala lipis until 1953
                              ^
(eval):8: syntax error, unexpected ',', expecting end-of-input
, 'capital' => 'GEORGE TOWN'],
                              ^):
  
app/models/jajahan_data.rb:20:in `eval'
app/models/jajahan_data.rb:20:in `fetch_data'
app/controllers/home_controller.rb:4:in `index'
  Rendering /home/zaid/.rbenv/versions/2.4.0/lib/ruby/gems/2.4.0/gems/actionpack-5.0.6/lib/action_dispatch/middleware/templates/rescues/diagnostics.html.erb within rescues/layout
  Rendering /home/zaid/.rbenv/versions/2.4.0/lib/ruby/gems/2.4.0/gems/actionpack-5.0.6/lib/action_dispatch/middleware/templates/rescues/_source.html.erb
  Rendered /home/zaid/.rbenv/versions/2.4.0/lib/ruby/gems/2.4.0/gems/actionpack-5.0.6/lib/action_dispatch/middleware/templates/rescues/_source.html.erb (4.2ms)
  Rendering /home/zaid/.rbenv/versions/2.4.0/lib/ruby/gems/2.4.0/gems/actionpack-5.0.6/lib/action_dispatch/middleware/templates/rescues/_trace.html.erb
  Rendered /home/zaid/.rbenv/versions/2.4.0/lib/ruby/gems/2.4.0/gems/actionpack-5.0.6/lib/action_dispatch/middleware/templates/rescues/_trace.html.erb (3.1ms)
  Rendering /home/zaid/.rbenv/versions/2.4.0/lib/ruby/gems/2.4.0/gems/actionpack-5.0.6/lib/action_dispatch/middleware/templates/rescues/_request_and_response.html.erb
  Rendered /home/zaid/.rbenv/versions/2.4.0/lib/ruby/gems/2.4.0/gems/actionpack-5.0.6/lib/action_dispatch/middleware/templates/rescues/_request_and_response.html.erb (1.0ms)
  Rendered /home/zaid/.rbenv/versions/2.4.0/lib/ruby/gems/2.4.0/gems/actionpack-5.0.6/lib/action_dispatch/middleware/templates/rescues/diagnostics.html.erb within rescues/layout (227.4ms)
Started GET "/?type=state" for 127.0.0.1 at 2017-11-02 15:07:04 +0800
Processing by HomeController#index as HTML
  Parameters: {"type"=>"state"}
Completed 200 OK in 5ms (Views: 3.3ms)


